[2026-01-26 08:27:43,739] [INFO] [__main__] App started
[2026-02-16 07:47:54,904] [INFO] [app.db.session] PostgreSQL engine created
[2026-02-16 07:48:17,623] [INFO] [app.db.session] PostgreSQL engine created
[2026-02-16 07:49:01,475] [INFO] [app.db.session] PostgreSQL engine created
[2026-02-16 07:49:03,931] [INFO] [app.db.session] PostgreSQL engine created
[2026-02-16 07:49:06,508] [INFO] [app.db.session] PostgreSQL engine created
[2026-02-16 07:49:21,154] [INFO] [app.db.session] PostgreSQL engine created
[2026-02-16 07:49:33,464] [INFO] [app.db.session] PostgreSQL engine created
[2026-02-16 07:49:53,177] [INFO] [app.db.session] PostgreSQL engine created
[2026-02-16 07:49:55,417] [INFO] [app.db.session] PostgreSQL engine created
[2026-02-16 07:50:05,207] [INFO] [app.db.session] PostgreSQL engine created
[2026-02-16 07:50:44,963] [INFO] [app.db.session] PostgreSQL engine created
[2026-02-16 07:50:44,981] [INFO] [app.tools.appointment_tools] App started
[2026-02-16 07:50:44,994] [INFO] [app.main] App started
[2026-02-16 07:50:45,011] [INFO] [app.memory.in_memory] Memory Runner Started
[2026-02-16 07:51:22,885] [INFO] [app.db.session] PostgreSQL engine created
[2026-02-16 07:51:22,900] [INFO] [app.tools.appointment_tools] App started
[2026-02-16 07:51:22,906] [INFO] [app.main] App started
[2026-02-16 07:51:22,917] [INFO] [app.memory.in_memory] Memory Runner Started
[2026-02-16 07:51:29,830] [INFO] [app.db.session] PostgreSQL engine created
[2026-02-16 07:51:29,844] [INFO] [app.tools.appointment_tools] App started
[2026-02-16 07:51:29,851] [INFO] [app.main] App started
[2026-02-16 07:51:29,856] [INFO] [app.memory.in_memory] Memory Runner Started
[2026-02-16 07:52:35,306] [INFO] [app.db.session] PostgreSQL engine created
[2026-02-16 07:52:35,326] [INFO] [app.tools.appointment_tools] App started
[2026-02-16 07:52:35,333] [INFO] [app.main] App started
[2026-02-16 07:52:35,343] [INFO] [app.memory.in_memory] Memory Runner Started
[2026-02-16 07:52:39,027] [INFO] [app.db.session] PostgreSQL engine created
[2026-02-16 07:52:39,041] [INFO] [app.tools.appointment_tools] App started
[2026-02-16 07:52:39,049] [INFO] [app.main] App started
[2026-02-16 07:52:39,058] [INFO] [app.memory.in_memory] Memory Runner Started
[2026-02-16 07:52:53,711] [INFO] [app.db.session] PostgreSQL engine created
[2026-02-16 07:52:53,726] [INFO] [app.tools.appointment_tools] App started
[2026-02-16 07:52:53,730] [INFO] [app.main] App started
[2026-02-16 07:52:53,743] [INFO] [app.memory.in_memory] Memory Runner Started
[2026-02-16 07:52:58,047] [INFO] [app.db.session] PostgreSQL engine created
[2026-02-16 07:52:58,060] [INFO] [app.tools.appointment_tools] App started
[2026-02-16 07:52:58,068] [INFO] [app.main] App started
[2026-02-16 07:52:58,078] [INFO] [app.memory.in_memory] Memory Runner Started
[2026-02-16 07:53:00,822] [INFO] [app.db.session] PostgreSQL engine created
[2026-02-16 07:53:00,833] [INFO] [app.tools.appointment_tools] App started
[2026-02-16 07:53:00,839] [INFO] [app.main] App started
[2026-02-16 07:53:00,850] [INFO] [app.memory.in_memory] Memory Runner Started
[2026-02-16 07:59:29,326] [INFO] [app.db.session] PostgreSQL engine created
[2026-02-16 07:59:29,341] [INFO] [app.tools.appointment_tools] App started
[2026-02-16 07:59:29,349] [INFO] [app.main] App started
[2026-02-16 07:59:29,360] [INFO] [app.memory.in_memory] Memory Runner Started
[2026-02-16 07:59:48,519] [INFO] [app.db.session] PostgreSQL engine created
[2026-02-16 07:59:48,534] [INFO] [app.tools.appointment_tools] App started
[2026-02-16 07:59:48,540] [INFO] [app.main] App started
[2026-02-16 07:59:48,552] [INFO] [app.memory.in_memory] Memory Runner Started
[2026-02-16 07:59:51,576] [INFO] [app.db.session] PostgreSQL engine created
[2026-02-16 07:59:51,593] [INFO] [app.tools.appointment_tools] App started
[2026-02-16 07:59:51,599] [INFO] [app.main] App started
[2026-02-16 07:59:51,609] [INFO] [app.memory.in_memory] Memory Runner Started
[2026-02-16 07:59:54,556] [INFO] [app.db.session] PostgreSQL engine created
[2026-02-16 07:59:54,572] [INFO] [app.tools.appointment_tools] App started
[2026-02-16 07:59:54,578] [INFO] [app.main] App started
[2026-02-16 07:59:54,590] [INFO] [app.memory.in_memory] Memory Runner Started
[2026-02-16 07:59:58,414] [INFO] [app.db.session] PostgreSQL engine created
[2026-02-16 07:59:58,429] [INFO] [app.tools.appointment_tools] App started
[2026-02-16 07:59:58,435] [INFO] [app.main] App started
[2026-02-16 07:59:58,446] [INFO] [app.memory.in_memory] Memory Runner Started
[2026-02-16 08:00:03,317] [INFO] [app.db.session] PostgreSQL engine created
[2026-02-16 08:00:03,331] [INFO] [app.tools.appointment_tools] App started
[2026-02-16 08:00:03,339] [INFO] [app.main] App started
[2026-02-16 08:00:03,350] [INFO] [app.memory.in_memory] Memory Runner Started
[2026-02-16 08:00:06,356] [INFO] [app.db.session] PostgreSQL engine created
[2026-02-16 08:00:06,371] [INFO] [app.tools.appointment_tools] App started
[2026-02-16 08:00:06,376] [INFO] [app.main] App started
[2026-02-16 08:00:06,388] [INFO] [app.memory.in_memory] Memory Runner Started
[2026-02-16 08:00:20,893] [INFO] [app.db.session] PostgreSQL engine created
[2026-02-16 08:00:20,907] [INFO] [app.tools.appointment_tools] App started
[2026-02-16 08:00:20,914] [INFO] [app.main] App started
[2026-02-16 08:00:20,925] [INFO] [app.memory.in_memory] Memory Runner Started
[2026-02-16 08:00:28,773] [INFO] [app.db.session] PostgreSQL engine created
[2026-02-16 08:00:28,789] [INFO] [app.tools.appointment_tools] App started
[2026-02-16 08:00:28,796] [INFO] [app.main] App started
[2026-02-16 08:00:28,811] [INFO] [app.memory.in_memory] Memory Runner Started
[2026-02-16 08:00:32,887] [INFO] [app.db.session] PostgreSQL engine created
[2026-02-16 08:00:32,899] [INFO] [app.tools.appointment_tools] App started
[2026-02-16 08:00:32,905] [INFO] [app.main] App started
[2026-02-16 08:00:32,916] [INFO] [app.memory.in_memory] Memory Runner Started
[2026-02-16 08:00:36,185] [INFO] [app.db.session] PostgreSQL engine created
[2026-02-16 08:00:36,200] [INFO] [app.tools.appointment_tools] App started
[2026-02-16 08:00:36,206] [INFO] [app.main] App started
[2026-02-16 08:00:36,217] [INFO] [app.memory.in_memory] Memory Runner Started
[2026-02-16 08:00:40,608] [INFO] [app.db.session] PostgreSQL engine created
[2026-02-16 08:00:40,623] [INFO] [app.tools.appointment_tools] App started
[2026-02-16 08:00:40,626] [INFO] [app.main] App started
[2026-02-16 08:00:40,640] [INFO] [app.memory.in_memory] Memory Runner Started
[2026-02-16 08:01:24,871] [INFO] [app.db.session] PostgreSQL engine created
[2026-02-16 08:01:24,885] [INFO] [app.tools.appointment_tools] App started
[2026-02-16 08:01:24,890] [INFO] [app.main] App started
[2026-02-16 08:01:24,902] [INFO] [app.memory.in_memory] Memory Runner Started
[2026-02-16 08:01:36,356] [INFO] [app.db.session] PostgreSQL engine created
[2026-02-16 08:01:36,370] [INFO] [app.tools.appointment_tools] App started
[2026-02-16 08:01:36,376] [INFO] [app.main] App started
[2026-02-16 08:01:36,385] [INFO] [app.memory.in_memory] Memory Runner Started
[2026-02-16 08:01:47,000] [INFO] [app.db.session] PostgreSQL engine created
[2026-02-16 08:01:47,017] [INFO] [app.tools.appointment_tools] App started
[2026-02-16 08:01:47,022] [INFO] [app.main] App started
[2026-02-16 08:01:47,034] [INFO] [app.memory.in_memory] Memory Runner Started
